missionDestruction/build/outputs/logs/manifest-merger-debug-report.txt
-- Merging decision tree log ---
manifest
ADDED from src/main/AndroidManifest.xml:1:1-28:12
	xmlns:android
		ADDED from src/main/AndroidManifest.xml:1:11-69
	package
		ADDED from src/main/AndroidManifest.xml:2:5-66
		INJECTED from src/main/AndroidManifest.xml
		INJECTED from src/main/AndroidManifest.xml
	android:versionName
		ADDED from src/main/AndroidManifest.xml:4:5-30
	android:versionCode
		ADDED from src/main/AndroidManifest.xml:3:5-28
		INJECTED from src/main/AndroidManifest.xml
		INJECTED from src/main/AndroidManifest.xml
uses-permission#android.permission.SET_DEBUG_APP
ADDED from src/main/AndroidManifest.xml:6:5-72
MERGED from [GpsFictionProjects:gpsFiction:unspecified] AndroidManifest.xml:13:5-72
	android:name
		ADDED from src/main/AndroidManifest.xml:6:22-69
uses-sdk
ADDED from src/main/AndroidManifest.xml:8:5-10:41
MERGED from [GpsFictionProjects:gpsFiction:unspecified] AndroidManifest.xml:7:5-9:41
MERGED from [com.android.support:support-v4:23.1.0] AndroidManifest.xml:20:5-43
MERGED from [com.android.support:appcompat-v7:23.1.0] AndroidManifest.xml:20:5-43
MERGED from [com.android.support:support-v4:23.1.0] AndroidManifest.xml:20:5-43
MERGED from [com.android.support:design:23.1.0] AndroidManifest.xml:20:5-43
MERGED from [com.android.support:appcompat-v7:23.1.0] AndroidManifest.xml:20:5-43
MERGED from [com.android.support:support-v4:23.1.0] AndroidManifest.xml:20:5-43
MERGED from [com.android.support:recyclerview-v7:23.1.0] AndroidManifest.xml:20:5-43
MERGED from [com.android.support:support-v4:23.1.0] AndroidManifest.xml:20:5-43
MERGED from [com.android.support:support-v4:23.1.0] AndroidManifest.xml:20:5-43
	android:targetSdkVersion
		ADDED from src/main/AndroidManifest.xml:10:9-38
		INJECTED from src/main/AndroidManifest.xml
		INJECTED from src/main/AndroidManifest.xml
	android:minSdkVersion
		ADDED from src/main/AndroidManifest.xml:9:9-34
		INJECTED from src/main/AndroidManifest.xml
		INJECTED from src/main/AndroidManifest.xml
application
ADDED from src/main/AndroidManifest.xml:13:5-26:19
MERGED from [GpsFictionProjects:gpsFiction:unspecified] AndroidManifest.xml:17:5-69:19
MERGED from [com.android.support:support-v4:23.1.0] AndroidManifest.xml:22:5-20
MERGED from [com.android.support:appcompat-v7:23.1.0] AndroidManifest.xml:22:5-20
MERGED from [com.android.support:support-v4:23.1.0] AndroidManifest.xml:22:5-20
MERGED from [com.android.support:design:23.1.0] AndroidManifest.xml:22:5-20
MERGED from [com.android.support:appcompat-v7:23.1.0] AndroidManifest.xml:22:5-20
MERGED from [com.android.support:support-v4:23.1.0] AndroidManifest.xml:22:5-20
MERGED from [com.android.support:support-v4:23.1.0] AndroidManifest.xml:22:5-20
MERGED from [com.android.support:support-v4:23.1.0] AndroidManifest.xml:22:5-20
	android:label
		ADDED from src/main/AndroidManifest.xml:15:9-41
	android:icon
		ADDED from src/main/AndroidManifest.xml:14:9-45
	android:theme
		ADDED from src/main/AndroidManifest.xml:16:9-42
activity#com.sdesimeur.android.gpsfiction.missiondestruction.MissionDestructionMainActivity
ADDED from src/main/AndroidManifest.xml:17:9-24:20
	android:label
		ADDED from src/main/AndroidManifest.xml:19:13-56
	android:name
		ADDED from src/main/AndroidManifest.xml:18:13-59
intent-filter#android.intent.action.MAIN+android.intent.category.LAUNCHER
ADDED from src/main/AndroidManifest.xml:20:13-23:29
action#android.intent.action.MAIN
ADDED from src/main/AndroidManifest.xml:21:17-69
	android:name
		ADDED from src/main/AndroidManifest.xml:21:25-66
category#android.intent.category.LAUNCHER
ADDED from src/main/AndroidManifest.xml:22:17-77
	android:name
		ADDED from src/main/AndroidManifest.xml:22:27-74
uses-permission#android.permission.ACCESS_FINE_LOCATION
ADDED from [GpsFictionProjects:gpsFiction:unspecified] AndroidManifest.xml:11:5-79
	android:name
		ADDED from [GpsFictionProjects:gpsFiction:unspecified] AndroidManifest.xml:11:22-76
uses-permission#android.permission.INTERNET
ADDED from [GpsFictionProjects:gpsFiction:unspecified] AndroidManifest.xml:12:5-67
	android:name
		ADDED from [GpsFictionProjects:gpsFiction:unspecified] AndroidManifest.xml:12:22-64
uses-permission#android.permission.WRITE_EXTERNAL_STORAGE
ADDED from [GpsFictionProjects:gpsFiction:unspecified] AndroidManifest.xml:14:5-81
	android:name
		ADDED from [GpsFictionProjects:gpsFiction:unspecified] AndroidManifest.xml:14:22-78
uses-permission#android.permission.DISABLE_KEYGUARD
ADDED from [GpsFictionProjects:gpsFiction:unspecified] AndroidManifest.xml:15:5-75
	android:name
		ADDED from [GpsFictionProjects:gpsFiction:unspecified] AndroidManifest.xml:15:22-72
activity#com.sdesimeur.android.gpsfiction.activities.GpsFictionActivity
ADDED from [GpsFictionProjects:gpsFiction:unspecified] AndroidManifest.xml:24:9-36:20
	android:name
		ADDED from [GpsFictionProjects:gpsFiction:unspecified] AndroidManifest.xml:25:13-90
	android:alwaysRetainTaskState
		ADDED from [GpsFictionProjects:gpsFiction:unspecified] AndroidManifest.xml:26:13-49
	android:launchMode
		ADDED from [GpsFictionProjects:gpsFiction:unspecified] AndroidManifest.xml:27:13-48
android:uses-permission#android.permission.READ_EXTERNAL_STORAGE
IMPLIED from src/main/AndroidManifest.xml:1:1-28:12 reason: com.sdesimeur.android.gpsfiction requested WRITE_EXTERNAL_STORAGE